[2020-10-30 06:30:05][33] Processing: App\Notifications\GiftCardMailNotification
[2020-10-30 06:30:12][33] Processed:  App\Notifications\GiftCardMailNotification
[2020-10-30 06:41:53][34] Processing: App\Jobs\StoreVentaMayorista
[2020-10-30 06:41:54][34] Failed:     App\Jobs\StoreVentaMayorista
[2020-10-30 06:42:06][35] Processing: App\Jobs\StoreVentaMayorista
[2020-10-30 06:42:06][35] Failed:     App\Jobs\StoreVentaMayorista
[2020-10-30 06:42:16][36] Processing: App\Jobs\StoreVentaMayorista
[2020-10-30 06:42:16][36] Failed:     App\Jobs\StoreVentaMayorista
[2020-10-30 06:43:27][37] Processing: App\Jobs\StoreVentaMayorista
[2020-10-30 06:43:27][37] Processed:  App\Jobs\StoreVentaMayorista
[2020-10-30 06:44:10][38] Processing: App\Jobs\StoreVentaMayorista
[2020-10-30 06:44:11][38] Processed:  App\Jobs\StoreVentaMayorista
[2020-10-30 06:44:33][39] Processing: App\Jobs\StoreVentaMayorista
[2020-10-30 06:44:33][39] Processed:  App\Jobs\StoreVentaMayorista
[2020-10-30 06:45:02][40] Processing: App\Jobs\StoreVentaMayorista
[2020-10-30 06:45:02][40] Processed:  App\Jobs\StoreVentaMayorista
[2020-10-30 06:45:12][41] Processing: App\Jobs\StoreVentaMayorista
[2020-10-30 06:45:12][41] Failed:     App\Jobs\StoreVentaMayorista
[2020-10-30 06:45:30][42] Processing: App\Jobs\StoreVentaMayorista
[2020-10-30 06:45:31][42] Failed:     App\Jobs\StoreVentaMayorista
[2020-10-30 06:46:17][43] Processing: App\Jobs\StoreVentaMayorista
[2020-10-30 06:46:17][43] Processed:  App\Jobs\StoreVentaMayorista
[2020-10-30 06:46:33][44] Processing: App\Jobs\StoreVentaMayorista
[2020-10-30 06:46:33][44] Processed:  App\Jobs\StoreVentaMayorista
[2020-10-30 06:46:45][45] Processing: App\Jobs\StoreVentaMayorista
[2020-10-30 06:46:45][45] Processed:  App\Jobs\StoreVentaMayorista
[2020-10-30 06:47:08][46] Processing: App\Jobs\StoreVentaMayorista
[2020-10-30 06:47:09][46] Processed:  App\Jobs\StoreVentaMayorista
[2020-10-30 06:47:30][47] Processing: App\Jobs\StoreVentaMayorista
[2020-10-30 06:47:30][47] Processed:  App\Jobs\StoreVentaMayorista
[2020-10-30 06:47:54][48] Processing: App\Jobs\StoreVentaMayorista
[2020-10-30 06:47:54][48] Processed:  App\Jobs\StoreVentaMayorista
[2020-10-30 06:48:15][49] Processing: App\Jobs\StoreVentaMayorista
[2020-10-30 06:48:15][49] Processed:  App\Jobs\StoreVentaMayorista
[2020-10-30 06:48:36][50] Processing: App\Jobs\StoreVentaMayorista
[2020-10-30 06:48:37][50] Processed:  App\Jobs\StoreVentaMayorista
[2020-10-30 06:48:51][51] Processing: App\Jobs\StoreVentaMayorista
[2020-10-30 06:48:52][51] Processed:  App\Jobs\StoreVentaMayorista
[2020-10-30 06:49:07][52] Processing: App\Jobs\StoreVentaMayorista
[2020-10-30 06:49:07][52] Processed:  App\Jobs\StoreVentaMayorista
[2020-10-30 06:49:43][53] Processing: App\Jobs\StoreVentaMayorista
[2020-10-30 06:49:43][53] Processed:  App\Jobs\StoreVentaMayorista
[2020-10-30 06:50:01][54] Processing: App\Jobs\StoreVentaMayorista
[2020-10-30 06:50:01][54] Processed:  App\Jobs\StoreVentaMayorista
[2020-10-30 06:50:40][55] Processing: App\Jobs\StoreVentaMayorista
[2020-10-30 06:50:40][55] Processed:  App\Jobs\StoreVentaMayorista
[2020-10-30 06:51:51][56] Processing: App\Jobs\StoreVentaMayorista
[2020-10-30 06:51:51][56] Processed:  App\Jobs\StoreVentaMayorista
[2020-10-30 06:53:03][57] Processing: App\Jobs\StoreVentaMayorista
[2020-10-30 06:53:03][57] Processed:  App\Jobs\StoreVentaMayorista
[2020-10-30 06:53:40][58] Processing: App\Jobs\StoreVentaMayorista
[2020-10-30 06:53:40][58] Processed:  App\Jobs\StoreVentaMayorista
[2020-10-30 06:53:40][59] Processing: App\Notifications\GiftCardMailNotification
[2020-10-30 06:53:45][59] Processed:  App\Notifications\GiftCardMailNotification
[2020-10-30 06:54:25][60] Processing: App\Jobs\StoreVentaMayorista
[2020-10-30 06:54:31][60] Processed:  App\Jobs\StoreVentaMayorista
[2020-10-30 06:54:31][61] Processing: App\Notifications\GiftCardMailNotification
[2020-10-30 06:56:01][61] Processing: App\Notifications\GiftCardMailNotification
[2020-10-30 06:56:01][61] Failed:     App\Notifications\GiftCardMailNotification
[2020-10-30 06:56:15][61] Processed:  App\Notifications\GiftCardMailNotification
[2020-10-30 07:00:58][62] Processing: App\Jobs\StoreVentaMayorista
[2020-10-30 07:01:25][63] Processing: App\Notifications\GiftCardMailNotification
[2020-10-30 07:01:25][62] Processed:  App\Jobs\StoreVentaMayorista
[2020-10-30 07:02:55][63] Processing: App\Notifications\GiftCardMailNotification
[2020-10-30 07:02:55][63] Failed:     App\Notifications\GiftCardMailNotification
[2020-10-30 07:04:25][63] Failed:     App\Notifications\GiftCardMailNotification
[2020-10-30 07:21:30][64] Processing: App\Jobs\StoreVentaMayorista
[2020-10-30 07:22:08][64] Failed:     App\Jobs\StoreVentaMayorista
[2020-10-30 07:24:49][65] Processing: App\Jobs\StoreVentaMayorista
[2020-10-30 07:25:28][65] Processed:  App\Jobs\StoreVentaMayorista
[2020-10-30 07:25:28][66] Processing: App\Notifications\GiftCardMailNotification
[2020-10-30 07:26:59][66] Processing: App\Notifications\GiftCardMailNotification
[2020-10-30 07:26:59][66] Failed:     App\Notifications\GiftCardMailNotification

   Symfony\Component\Process\Exception\ProcessTimedOutException 

  The process "'/usr/bin/php7.4' 'artisan' 'queue:work' '--once' '--queue=default' '--delay=0' '--memory=128' '--sleep=3' '--tries=1'" exceeded the timeout of 180 seconds.

  at /var/www/html/gift_cards/vendor/symfony/process/Process.php:1201
    1197| 
    1198|         if (null !== $this->timeout && $this->timeout < microtime(true) - $this->starttime) {
    1199|             $this->stop(0);
    1200| 
  > 1201|             throw new ProcessTimedOutException($this, ProcessTimedOutException::TYPE_GENERAL);
    1202|         }
    1203| 
    1204|         if (null !== $this->idleTimeout && $this->idleTimeout < microtime(true) - $this->lastOutputTime) {
    1205|             $this->stop(0);

      [2m+19 vendor frames [22m
  20  /var/www/html/gift_cards/artisan:37
      Illuminate\Foundation\Console\Kernel::handle()
[2020-10-30 07:34:30][67] Processing: App\Jobs\StoreVentaMayorista
[2020-10-30 07:35:09][67] Processed:  App\Jobs\StoreVentaMayorista
[2020-10-30 07:35:09][68] Processing: App\Notifications\GiftCardMailNotification
[2020-10-30 07:36:10][68] Failed:     App\Notifications\GiftCardMailNotification
[2020-10-30 07:39:04][69] Processing: App\Notifications\FailedGiftCardMailNotification
[2020-10-30 07:39:07][69] Processed:  App\Notifications\FailedGiftCardMailNotification
[2020-10-30 07:39:37][70] Processing: App\Notifications\FailedGiftCardMailNotification
[2020-10-30 07:39:39][70] Processed:  App\Notifications\FailedGiftCardMailNotification
[2020-10-30 07:41:24][71] Processing: App\Jobs\StoreVentaMayorista
[2020-10-30 07:42:01][71] Processed:  App\Jobs\StoreVentaMayorista
[2020-10-30 07:42:01][72] Processing: App\Notifications\GiftCardMailNotification
[2020-10-30 07:43:02][72] Failed:     App\Notifications\GiftCardMailNotification
[2020-10-30 07:44:38][73] Processing: App\Jobs\StoreVentaMayorista
[2020-10-30 07:45:25][73] Processed:  App\Jobs\StoreVentaMayorista
[2020-10-30 07:45:25][74] Processing: App\Notifications\GiftCardMailNotification
[2020-10-30 07:46:25][74] Failed:     App\Notifications\GiftCardMailNotification
[2020-10-30 07:47:56][75] Processing: App\Jobs\StoreVentaMayorista
[2020-10-30 07:48:34][75] Processed:  App\Jobs\StoreVentaMayorista
[2020-10-30 07:48:34][76] Processing: App\Notifications\GiftCardMailNotification
[2020-10-30 07:49:35][76] Failed:     App\Notifications\GiftCardMailNotification
[2020-10-30 07:51:27][77] Processing: App\Jobs\StoreVentaMayorista
[2020-10-30 07:52:05][77] Processed:  App\Jobs\StoreVentaMayorista
[2020-10-30 07:52:05][78] Processing: App\Notifications\GiftCardMailNotification
[2020-10-30 07:53:05][78] Failed:     App\Notifications\GiftCardMailNotification
[2020-10-30 07:54:57][79] Processing: App\Jobs\StoreVentaMayorista
[2020-10-30 07:55:31][79] Processed:  App\Jobs\StoreVentaMayorista
[2020-10-30 07:55:31][80] Processing: App\Notifications\GiftCardMailNotification
[2020-10-30 07:56:32][80] Failed:     App\Notifications\GiftCardMailNotification
[2020-10-30 11:53:18][81] Processing: App\Notifications\FailedGiftCardMailNotification
[2020-10-30 11:53:21][81] Processed:  App\Notifications\FailedGiftCardMailNotification
[2020-10-30 11:54:11][82] Processing: App\Notifications\GiftCardMailNotification
[2020-10-30 11:54:53][83] Processing: App\Notifications\GiftCardMailNotification
[2020-10-30 11:55:12][82] Failed:     App\Notifications\GiftCardMailNotification
[2020-10-30 11:55:32][84] Processing: App\Notifications\GiftCardMailNotification
[2020-10-30 11:55:53][83] Failed:     App\Notifications\GiftCardMailNotification
[2020-10-30 11:56:32][84] Failed:     App\Notifications\GiftCardMailNotification
[2020-10-30 12:03:48][85] Processing: App\Notifications\GiftCardMailNotification
[2020-10-30 12:04:48][85] Failed:     App\Notifications\GiftCardMailNotification
[2020-10-30 12:05:19][86] Processing: App\Notifications\GiftCardMailNotification
[2020-10-30 12:06:19][86] Failed:     App\Notifications\GiftCardMailNotification
[2020-10-30 12:07:13][87] Processing: App\Notifications\GiftCardMailNotification
[2020-10-30 12:08:13][87] Failed:     App\Notifications\GiftCardMailNotification
[2020-10-30 12:09:08][88] Processing: App\Notifications\GiftCardMailNotification
[2020-10-30 12:10:09][88] Failed:     App\Notifications\GiftCardMailNotification
[2020-10-30 12:13:00][89] Processing: App\Notifications\GiftCardMailNotification
[2020-10-30 12:14:00][89] Failed:     App\Notifications\GiftCardMailNotification
[2020-10-30 12:14:01][90] Processing: App\Notifications\FailedGiftCardMailNotification
[2020-10-30 12:14:02][90] Processed:  App\Notifications\FailedGiftCardMailNotification
[2020-10-30 12:16:48][91] Processing: App\Notifications\GiftCardMailNotification
[2020-10-30 12:17:48][91] Failed:     App\Notifications\GiftCardMailNotification
[2020-10-30 12:18:15][92] Processing: App\Notifications\GiftCardMailNotification
[2020-10-30 12:19:45][92] Processing: App\Notifications\GiftCardMailNotification
[2020-10-30 12:19:45][92] Failed:     App\Notifications\GiftCardMailNotification
[2020-10-30 12:19:45][93] Processing: App\Notifications\FailedGiftCardMailNotification
[2020-10-30 12:19:47][93] Processed:  App\Notifications\FailedGiftCardMailNotification
[2020-10-30 12:21:17][94] Processing: App\Jobs\StoreVentaMayorista
[2020-10-30 12:21:57][94] Processed:  App\Jobs\StoreVentaMayorista
[2020-10-30 12:21:57][95] Processing: App\Notifications\GiftCardZipMailNotification
[2020-10-30 12:21:59][95] Processed:  App\Notifications\GiftCardZipMailNotification
[2020-10-30 12:26:15][92] Failed:     App\Notifications\GiftCardMailNotification
[2020-10-30 12:26:16][96] Processing: App\Notifications\FailedGiftCardMailNotification
[2020-10-30 12:26:17][96] Processed:  App\Notifications\FailedGiftCardMailNotification
[2020-10-30 12:39:51][97] Processing: App\Notifications\GiftCardMailNotification
[2020-10-30 12:41:21][97] Processing: App\Notifications\GiftCardMailNotification
[2020-10-30 12:41:21][97] Failed:     App\Notifications\GiftCardMailNotification
[2020-10-30 12:41:22][98] Processing: App\Notifications\FailedGiftCardMailNotification
[2020-10-30 12:41:23][98] Processed:  App\Notifications\FailedGiftCardMailNotification
[2020-10-30 12:41:33][99] Processing: App\Notifications\GiftCardMailNotification
[2020-10-30 12:42:22][100] Processing: App\Notifications\GiftCardMailNotification
[2020-10-30 12:43:03][99] Processing: App\Notifications\GiftCardMailNotification
[2020-10-30 12:43:03][99] Failed:     App\Notifications\GiftCardMailNotification
[2020-10-30 12:43:03][101] Processing: App\Notifications\FailedGiftCardMailNotification
[2020-10-30 12:43:05][101] Processed:  App\Notifications\FailedGiftCardMailNotification
[2020-10-30 12:43:52][100] Processing: App\Notifications\GiftCardMailNotification
[2020-10-30 12:43:53][100] Failed:     App\Notifications\GiftCardMailNotification
[2020-10-30 12:43:53][102] Processing: App\Notifications\FailedGiftCardMailNotification
[2020-10-30 12:43:54][102] Processed:  App\Notifications\FailedGiftCardMailNotification
[2020-10-30 12:45:05][103] Processing: App\Notifications\GiftCardZipMailNotification
[2020-10-30 12:45:05][103] Failed:     App\Notifications\GiftCardZipMailNotification
[2020-10-30 12:47:52][97] Failed:     App\Notifications\GiftCardMailNotification
[2020-10-30 12:47:53][104] Processing: App\Notifications\FailedGiftCardMailNotification
[2020-10-30 12:47:55][104] Processed:  App\Notifications\FailedGiftCardMailNotification
[2020-10-30 12:49:34][99] Failed:     App\Notifications\GiftCardMailNotification
[2020-10-30 12:49:34][105] Processing: App\Notifications\FailedGiftCardMailNotification
[2020-10-30 12:49:35][105] Processed:  App\Notifications\FailedGiftCardMailNotification
[2020-10-30 12:50:22][100] Failed:     App\Notifications\GiftCardMailNotification
[2020-10-30 12:50:24][106] Processing: App\Notifications\FailedGiftCardMailNotification
[2020-10-30 12:50:25][106] Processed:  App\Notifications\FailedGiftCardMailNotification
[2020-10-30 12:55:21][107] Processing: App\Jobs\StoreVentaMayorista
[2020-10-30 12:55:24][107] Processed:  App\Jobs\StoreVentaMayorista
[2020-10-30 12:55:24][108] Processing: App\Notifications\GiftCardMailNotification
[2020-10-30 12:56:13][108] Processed:  App\Notifications\GiftCardMailNotification
[2020-10-30 14:34:04][109] Processing: App\Jobs\StoreVentaMayorista
[2020-10-30 14:34:04][109] Failed:     App\Jobs\StoreVentaMayorista
[2020-10-30 14:34:49][110] Processing: App\Jobs\StoreVentaMayorista
[2020-10-30 14:34:49][110] Failed:     App\Jobs\StoreVentaMayorista
[2020-10-30 15:41:06][111] Processing: App\Jobs\StoreVentaMayorista
[2020-10-30 15:41:07][111] Processed:  App\Jobs\StoreVentaMayorista
[2020-10-30 15:41:07][112] Processing: App\Jobs\GenerateVoucher
[2020-10-30 15:41:07][112] Processed:  App\Jobs\GenerateVoucher
[2020-10-30 15:42:10][113] Processing: App\Jobs\StoreVentaMayorista
[2020-10-30 15:42:11][113] Processed:  App\Jobs\StoreVentaMayorista
[2020-10-30 15:42:11][114] Processing: App\Jobs\GenerateVoucher
[2020-10-30 15:42:11][114] Processed:  App\Jobs\GenerateVoucher
[2020-10-30 15:42:11][115] Processing: App\Notifications\GiftCardZipMailNotification
[2020-10-30 15:42:11][115] Failed:     App\Notifications\GiftCardZipMailNotification
[2020-10-30 15:54:31][116] Processing: App\Jobs\StoreVentaMayorista
[2020-10-30 15:54:32][116] Processed:  App\Jobs\StoreVentaMayorista
[2020-10-30 15:54:32][117] Processing: App\Jobs\GenerateVoucher
[2020-10-30 15:54:32][117] Failed:     App\Jobs\GenerateVoucher
[2020-10-30 15:56:45][118] Processing: App\Jobs\StoreVentaMayorista
[2020-10-30 15:56:45][118] Processed:  App\Jobs\StoreVentaMayorista
[2020-10-30 15:56:45][119] Processing: App\Jobs\GenerateVoucher
[2020-10-30 15:56:45][119] Failed:     App\Jobs\GenerateVoucher
[2020-10-30 15:57:12][120] Processing: App\Jobs\StoreVentaMayorista
[2020-10-30 15:57:12][120] Processed:  App\Jobs\StoreVentaMayorista
[2020-10-30 15:57:12][121] Processing: App\Jobs\GenerateVoucher
[2020-10-30 15:57:13][121] Failed:     App\Jobs\GenerateVoucher
[2020-10-30 15:57:49][122] Processing: App\Jobs\StoreVentaMayorista
[2020-10-30 15:57:49][122] Processed:  App\Jobs\StoreVentaMayorista
[2020-10-30 15:57:50][123] Processing: App\Jobs\GenerateVoucher
[2020-10-30 15:57:50][123] Failed:     App\Jobs\GenerateVoucher
[2020-10-30 15:58:46][124] Processing: App\Jobs\StoreVentaMayorista
[2020-10-30 15:58:47][124] Processed:  App\Jobs\StoreVentaMayorista
[2020-10-30 15:58:47][125] Processing: App\Jobs\GenerateVoucher
[2020-10-30 15:58:50][125] Failed:     App\Jobs\GenerateVoucher
[2020-10-30 15:59:58][126] Processing: App\Jobs\StoreVentaMayorista
[2020-10-30 15:59:58][126] Processed:  App\Jobs\StoreVentaMayorista
[2020-10-30 15:59:58][127] Processing: App\Jobs\GenerateVoucher
[2020-10-30 15:59:58][127] Failed:     App\Jobs\GenerateVoucher
[2020-10-30 16:00:28][128] Processing: App\Jobs\StoreVentaMayorista
[2020-10-30 16:00:28][128] Processed:  App\Jobs\StoreVentaMayorista
[2020-10-30 16:00:28][129] Processing: App\Jobs\GenerateVoucher
[2020-10-30 16:00:31][129] Failed:     App\Jobs\GenerateVoucher
[2020-10-30 16:02:43][130] Processing: App\Jobs\StoreVentaMayorista
[2020-10-30 16:02:43][130] Processed:  App\Jobs\StoreVentaMayorista
[2020-10-30 16:02:43][131] Processing: App\Jobs\GenerateVoucher
[2020-10-30 16:02:46][131] Failed:     App\Jobs\GenerateVoucher
[2020-10-30 16:04:50][132] Processing: App\Jobs\StoreVentaMayorista
[2020-10-30 16:04:50][132] Processed:  App\Jobs\StoreVentaMayorista
[2020-10-30 16:04:50][133] Processing: App\Jobs\GenerateVoucher
[2020-10-30 16:04:52][133] Failed:     App\Jobs\GenerateVoucher
[2020-10-30 16:07:55][134] Processing: App\Jobs\StoreVentaMayorista
[2020-10-30 16:07:56][134] Processed:  App\Jobs\StoreVentaMayorista
[2020-10-30 16:07:56][135] Processing: App\Jobs\GenerateVoucher
[2020-10-30 16:07:58][135] Failed:     App\Jobs\GenerateVoucher
[2020-10-30 16:08:54][136] Processing: App\Jobs\StoreVentaMayorista
[2020-10-30 16:08:55][136] Processed:  App\Jobs\StoreVentaMayorista
[2020-10-30 16:08:55][137] Processing: App\Jobs\GenerateVoucher
[2020-10-30 16:08:57][137] Processed:  App\Jobs\GenerateVoucher
[2020-10-30 16:10:40][138] Processing: App\Jobs\StoreVentaMayorista
[2020-10-30 16:11:18][138] Processed:  App\Jobs\StoreVentaMayorista
[2020-10-30 16:11:19][139] Processing: App\Jobs\GenerateVoucher
[2020-10-30 16:12:49][139] Processing: App\Jobs\GenerateVoucher
[2020-10-30 16:12:49][139] Failed:     App\Jobs\GenerateVoucher
[2020-10-30 16:13:36][140] Processing: App\Jobs\StoreVentaMayorista
[2020-10-30 16:14:17][140] Processed:  App\Jobs\StoreVentaMayorista
[2020-10-30 16:14:17][141] Processing: App\Jobs\GenerateVoucher
[2020-10-30 16:14:19][139] Failed:     App\Jobs\GenerateVoucher
[2020-10-30 16:15:47][141] Processing: App\Jobs\GenerateVoucher
[2020-10-30 16:15:47][141] Failed:     App\Jobs\GenerateVoucher
[2020-10-30 16:17:17][141] Failed:     App\Jobs\GenerateVoucher
[2020-10-30 16:47:55][142] Processing: App\Jobs\StoreVentaMayorista
[2020-10-30 16:48:35][142] Processed:  App\Jobs\StoreVentaMayorista
[2020-10-30 16:48:35][143] Processing: App\Jobs\GenerateVoucher
[2020-10-30 16:50:05][143] Processing: App\Jobs\GenerateVoucher
[2020-10-30 16:50:06][143] Failed:     App\Jobs\GenerateVoucher
[2020-10-30 16:55:23][144] Processing: App\Jobs\StoreVentaMayorista
[2020-10-30 16:55:46][144] Processed:  App\Jobs\StoreVentaMayorista
[2020-10-30 16:55:46][145] Processing: App\Jobs\GenerateVoucher
[2020-10-30 16:57:16][145] Processing: App\Jobs\GenerateVoucher
[2020-10-30 16:57:16][145] Failed:     App\Jobs\GenerateVoucher
[2020-10-30 17:00:44][145] Processed:  App\Jobs\GenerateVoucher
[2020-11-02 06:14:40][146] Processing: App\Jobs\StoreVentaMayorista
[2020-11-02 06:15:04][146] Processed:  App\Jobs\StoreVentaMayorista
[2020-11-02 06:15:04][147] Processing: App\Jobs\GenerateVoucher
[2020-11-02 06:16:34][147] Processing: App\Jobs\GenerateVoucher
[2020-11-02 06:16:34][147] Failed:     App\Jobs\GenerateVoucher
[2020-11-02 06:16:35][148] Processing: App\Notifications\FailedGiftCardMailNotification
[2020-11-02 06:16:37][148] Processed:  App\Notifications\FailedGiftCardMailNotification
[2020-11-02 06:20:02][147] Processed:  App\Jobs\GenerateVoucher
[2020-11-02 06:20:02][149] Processing: App\Notifications\GiftCardZipMailNotification
[2020-11-02 06:20:02][149] Failed:     App\Notifications\GiftCardZipMailNotification
[2020-11-02 06:23:09][150] Processing: App\Jobs\StoreVentaMayorista
[2020-11-02 06:23:48][150] Failed:     App\Jobs\StoreVentaMayorista
[2020-11-02 06:24:53][151] Processing: App\Jobs\StoreVentaMayorista
[2020-11-02 06:25:33][151] Processed:  App\Jobs\StoreVentaMayorista
[2020-11-02 06:25:33][152] Processing: App\Jobs\GenerateVoucher
[2020-11-02 06:27:03][152] Processing: App\Jobs\GenerateVoucher
[2020-11-02 06:27:03][152] Failed:     App\Jobs\GenerateVoucher
[2020-11-02 06:27:04][153] Processing: App\Notifications\FailedGiftCardMailNotification
[2020-11-02 06:27:06][153] Processed:  App\Notifications\FailedGiftCardMailNotification
[2020-11-02 06:27:36][154] Processing: App\Jobs\StoreVentaMayorista
[2020-11-02 06:27:37][154] Processed:  App\Jobs\StoreVentaMayorista
[2020-11-02 06:27:37][155] Processing: App\Notifications\GiftCardZipMailNotification
[2020-11-02 06:27:39][155] Processed:  App\Notifications\GiftCardZipMailNotification
[2020-11-02 06:28:16][156] Processing: App\Jobs\StoreVentaMayorista
[2020-11-02 06:28:17][156] Processed:  App\Jobs\StoreVentaMayorista
[2020-11-02 06:28:17][157] Processing: App\Notifications\GiftCardZipMailNotification
[2020-11-02 06:28:19][157] Processed:  App\Notifications\GiftCardZipMailNotification
[2020-11-02 06:32:30][158] Processing: App\Jobs\StoreVentaMayorista
[2020-11-02 06:32:31][158] Processed:  App\Jobs\StoreVentaMayorista
[2020-11-02 06:32:32][159] Processing: App\Notifications\GiftCardZipMailNotification
[2020-11-02 06:32:33][159] Processed:  App\Notifications\GiftCardZipMailNotification
[2020-11-02 06:33:18][160] Processing: App\Jobs\StoreVentaMayorista
[2020-11-02 06:33:19][160] Processed:  App\Jobs\StoreVentaMayorista
[2020-11-02 06:33:20][161] Processing: App\Jobs\GenerateVoucher
[2020-11-02 06:33:30][161] Processed:  App\Jobs\GenerateVoucher
[2020-11-02 06:33:30][162] Processing: App\Notifications\GiftCardZipMailNotification
[2020-11-02 06:33:31][162] Failed:     App\Notifications\GiftCardZipMailNotification
[2020-11-02 06:33:50][152] Processed:  App\Jobs\GenerateVoucher
[2020-11-02 06:33:50][163] Processing: App\Notifications\GiftCardZipMailNotification
[2020-11-02 06:33:50][163] Failed:     App\Notifications\GiftCardZipMailNotification
[2020-11-02 06:34:36][164] Processing: App\Jobs\StoreVentaMayorista
[2020-11-02 06:34:37][164] Processed:  App\Jobs\StoreVentaMayorista
[2020-11-02 06:34:37][165] Processing: App\Jobs\GenerateVoucher
[2020-11-02 06:34:47][165] Processed:  App\Jobs\GenerateVoucher
[2020-11-02 06:34:48][166] Processing: App\Notifications\GiftCardZipMailNotification
[2020-11-02 06:34:48][166] Failed:     App\Notifications\GiftCardZipMailNotification
[2020-11-02 06:35:28][167] Processing: App\Jobs\StoreVentaMayorista
[2020-11-02 06:35:29][167] Processed:  App\Jobs\StoreVentaMayorista
[2020-11-02 06:35:29][168] Processing: App\Jobs\GenerateVoucher
[2020-11-02 06:35:39][168] Processed:  App\Jobs\GenerateVoucher
[2020-11-02 06:35:39][169] Processing: App\Notifications\GiftCardZipMailNotification
[2020-11-02 06:35:40][169] Failed:     App\Notifications\GiftCardZipMailNotification
[2020-11-02 06:35:40][170] Processing: App\Notifications\FailedGiftCardMailNotification
[2020-11-02 06:35:42][170] Processed:  App\Notifications\FailedGiftCardMailNotification
[2020-11-02 06:40:30][171] Processing: App\Jobs\StoreVentaMayorista
[2020-11-02 06:40:31][171] Processed:  App\Jobs\StoreVentaMayorista
[2020-11-02 06:40:48][172] Processing: App\Jobs\StoreVentaMayorista
[2020-11-02 06:40:49][172] Processed:  App\Jobs\StoreVentaMayorista
[2020-11-02 06:41:14][173] Processing: App\Jobs\StoreVentaMayorista
[2020-11-02 06:41:15][173] Processed:  App\Jobs\StoreVentaMayorista
[2020-11-02 06:52:28][174] Processing: App\Jobs\StoreVentaMayorista
[2020-11-02 06:52:29][174] Processed:  App\Jobs\StoreVentaMayorista
[2020-11-02 06:52:29][175] Processing: App\Jobs\GenerateVoucher
[2020-11-02 06:52:34][175] Processed:  App\Jobs\GenerateVoucher
[2020-11-02 06:52:34][176] Processing: App\Notifications\GiftCardZipMailNotification
[2020-11-02 06:52:35][176] Failed:     App\Notifications\GiftCardZipMailNotification
[2020-11-02 06:52:35][177] Processing: App\Notifications\FailedGiftCardMailNotification
[2020-11-02 06:52:37][177] Processed:  App\Notifications\FailedGiftCardMailNotification
[2020-11-02 07:04:25][178] Processing: App\Jobs\StoreVentaMayorista
[2020-11-02 07:04:26][178] Processed:  App\Jobs\StoreVentaMayorista
[2020-11-02 07:04:26][179] Processing: App\Jobs\GenerateVoucher
[2020-11-02 07:04:31][179] Processed:  App\Jobs\GenerateVoucher
[2020-11-02 07:04:31][180] Processing: App\Jobs\SendGiftCardZipMailNotification
[2020-11-02 07:04:31][180] Processed:  App\Jobs\SendGiftCardZipMailNotification
[2020-11-02 07:04:31][181] Processing: App\Notifications\GiftCardZipMailNotification
[2020-11-02 07:04:33][181] Processed:  App\Notifications\GiftCardZipMailNotification
[2020-11-02 07:05:39][182] Processing: App\Jobs\StoreVentaMayorista
[2020-11-02 07:05:40][182] Processed:  App\Jobs\StoreVentaMayorista
[2020-11-02 07:05:40][183] Processing: App\Jobs\GenerateVoucher
[2020-11-02 07:05:45][183] Processed:  App\Jobs\GenerateVoucher
[2020-11-02 07:05:45][184] Processing: App\Jobs\SendGiftCardZipMailNotification
[2020-11-02 07:05:45][184] Processed:  App\Jobs\SendGiftCardZipMailNotification
[2020-11-02 07:05:45][185] Processing: App\Notifications\GiftCardZipMailNotification
[2020-11-02 07:05:47][185] Processed:  App\Notifications\GiftCardZipMailNotification
[2020-11-02 07:06:14][186] Processing: App\Jobs\StoreVentaMayorista
[2020-11-02 07:06:15][186] Processed:  App\Jobs\StoreVentaMayorista
[2020-11-02 07:06:15][187] Processing: App\Jobs\GenerateVoucher
[2020-11-02 07:06:20][187] Processed:  App\Jobs\GenerateVoucher
[2020-11-02 07:06:20][188] Processing: App\Jobs\SendGiftCardZipMailNotification
[2020-11-02 07:06:20][188] Processed:  App\Jobs\SendGiftCardZipMailNotification
[2020-11-02 07:06:20][189] Processing: App\Notifications\GiftCardZipMailNotification
[2020-11-02 07:06:22][189] Processed:  App\Notifications\GiftCardZipMailNotification
[2020-11-02 07:07:10][190] Processing: App\Jobs\StoreVentaMayorista
[2020-11-02 07:07:10][190] Processed:  App\Jobs\StoreVentaMayorista
[2020-11-02 07:07:10][191] Processing: App\Jobs\GenerateVoucher
[2020-11-02 07:07:15][191] Processed:  App\Jobs\GenerateVoucher
[2020-11-02 07:07:15][192] Processing: App\Jobs\SendGiftCardZipMailNotification
[2020-11-02 07:07:15][192] Processed:  App\Jobs\SendGiftCardZipMailNotification
[2020-11-02 07:07:15][193] Processing: App\Notifications\GiftCardZipMailNotification
[2020-11-02 07:07:17][193] Processed:  App\Notifications\GiftCardZipMailNotification
[2020-11-02 07:10:08][194] Processing: App\Jobs\StoreVentaMayorista
[2020-11-02 07:10:08][194] Processed:  App\Jobs\StoreVentaMayorista
[2020-11-02 07:10:08][195] Processing: App\Jobs\GenerateVoucher
[2020-11-02 07:10:13][195] Processed:  App\Jobs\GenerateVoucher
[2020-11-02 07:10:13][196] Processing: App\Jobs\SendGiftCardZipMailNotification
[2020-11-02 07:10:13][196] Processed:  App\Jobs\SendGiftCardZipMailNotification
[2020-11-02 07:10:14][197] Processing: App\Notifications\GiftCardZipMailNotification
[2020-11-02 07:10:15][197] Processed:  App\Notifications\GiftCardZipMailNotification
[2020-11-02 07:11:13][198] Processing: App\Jobs\StoreVentaMayorista
[2020-11-02 07:11:13][198] Processed:  App\Jobs\StoreVentaMayorista
[2020-11-02 07:11:13][199] Processing: App\Jobs\GenerateVoucher
[2020-11-02 07:11:18][199] Processed:  App\Jobs\GenerateVoucher
[2020-11-02 07:11:18][200] Processing: App\Jobs\SendGiftCardZipMailNotification
[2020-11-02 07:11:18][200] Processed:  App\Jobs\SendGiftCardZipMailNotification
[2020-11-02 07:11:18][201] Processing: App\Notifications\GiftCardZipMailNotification
[2020-11-02 07:11:19][201] Processed:  App\Notifications\GiftCardZipMailNotification
[2020-11-02 07:19:21][202] Processing: App\Jobs\StoreVentaMayorista
[2020-11-02 07:19:21][202] Processed:  App\Jobs\StoreVentaMayorista
[2020-11-02 07:19:21][203] Processing: App\Jobs\GenerateVoucher
[2020-11-02 07:19:26][203] Processed:  App\Jobs\GenerateVoucher
[2020-11-02 07:19:26][204] Processing: App\Jobs\SendGiftCardZipMailNotification
[2020-11-02 07:19:26][204] Processed:  App\Jobs\SendGiftCardZipMailNotification
[2020-11-02 07:19:26][205] Processing: App\Notifications\GiftCardZipMailNotification
[2020-11-02 07:19:28][205] Processed:  App\Notifications\GiftCardZipMailNotification
[2020-11-02 07:19:48][206] Processing: App\Jobs\StoreVentaMayorista
[2020-11-02 07:19:49][206] Processed:  App\Jobs\StoreVentaMayorista
[2020-11-02 07:19:49][207] Processing: App\Jobs\GenerateVoucher
[2020-11-02 07:19:53][207] Processed:  App\Jobs\GenerateVoucher
[2020-11-02 07:19:53][208] Processing: App\Jobs\SendGiftCardZipMailNotification
[2020-11-02 07:19:54][208] Processed:  App\Jobs\SendGiftCardZipMailNotification
[2020-11-02 07:19:54][209] Processing: App\Notifications\GiftCardZipMailNotification
[2020-11-02 07:19:56][209] Processed:  App\Notifications\GiftCardZipMailNotification
[2020-11-02 07:34:48][210] Processing: App\Jobs\StoreVentaMayorista
[2020-11-02 07:34:48][210] Processed:  App\Jobs\StoreVentaMayorista
[2020-11-02 07:34:49][211] Processing: App\Jobs\GenerateVoucher
[2020-11-02 07:34:53][211] Processed:  App\Jobs\GenerateVoucher
[2020-11-02 07:34:53][212] Processing: App\Jobs\SendGiftCardZipMailNotification
[2020-11-02 07:34:53][212] Processed:  App\Jobs\SendGiftCardZipMailNotification
[2020-11-02 07:34:53][213] Processing: App\Notifications\GiftCardZipMailNotification
[2020-11-02 07:34:55][213] Processed:  App\Notifications\GiftCardZipMailNotification
[2020-11-02 07:41:39][214] Processing: App\Jobs\StoreVentaMayorista
[2020-11-02 07:41:40][214] Processed:  App\Jobs\StoreVentaMayorista
[2020-11-02 07:41:40][215] Processing: App\Jobs\GenerateVoucher
[2020-11-02 07:41:44][215] Processed:  App\Jobs\GenerateVoucher
[2020-11-02 07:41:45][216] Processing: App\Jobs\SendGiftCardZipMailNotification
[2020-11-02 07:41:45][216] Processed:  App\Jobs\SendGiftCardZipMailNotification
[2020-11-02 07:41:45][217] Processing: App\Notifications\GiftCardZipMailNotification
[2020-11-02 07:41:47][217] Processed:  App\Notifications\GiftCardZipMailNotification
[2020-11-02 07:42:22][218] Processing: App\Jobs\StoreVentaMayorista
[2020-11-02 07:42:23][218] Processed:  App\Jobs\StoreVentaMayorista
[2020-11-02 07:42:23][219] Processing: App\Jobs\GenerateVoucher
[2020-11-02 07:42:27][219] Processed:  App\Jobs\GenerateVoucher
[2020-11-02 07:42:27][220] Processing: App\Jobs\SendGiftCardZipMailNotification
[2020-11-02 07:42:28][220] Processed:  App\Jobs\SendGiftCardZipMailNotification
[2020-11-02 07:42:28][221] Processing: App\Notifications\GiftCardZipMailNotification
[2020-11-02 07:42:29][221] Processed:  App\Notifications\GiftCardZipMailNotification
[2020-11-02 07:50:51][222] Processing: App\Jobs\StoreVentaMayorista
[2020-11-02 07:50:52][222] Processed:  App\Jobs\StoreVentaMayorista
[2020-11-02 07:50:52][223] Processing: App\Notifications\GiftCardMailNotification
[2020-11-02 07:50:59][223] Processed:  App\Notifications\GiftCardMailNotification
[2020-11-02 07:51:59][224] Processing: App\Notifications\GiftCardMailNotification
[2020-11-02 07:52:04][224] Processed:  App\Notifications\GiftCardMailNotification
[2020-11-02 11:13:37][225] Processing: App\Jobs\StoreVentaMayorista
[2020-11-02 11:13:38][225] Processed:  App\Jobs\StoreVentaMayorista
[2020-11-02 11:13:38][226] Processing: App\Notifications\GiftCardMailNotification
[2020-11-02 11:13:53][226] Processed:  App\Notifications\GiftCardMailNotification
[2020-11-02 11:14:57][227] Processing: App\Jobs\StoreVentaMayorista
[2020-11-02 11:15:00][227] Processed:  App\Jobs\StoreVentaMayorista
[2020-11-02 11:15:00][228] Processing: App\Jobs\GenerateVoucher
[2020-11-02 11:15:42][228] Processed:  App\Jobs\GenerateVoucher
[2020-11-02 11:15:42][229] Processing: App\Jobs\SendGiftCardZipMailNotification
[2020-11-02 11:15:43][229] Processed:  App\Jobs\SendGiftCardZipMailNotification
[2020-11-02 11:15:43][230] Processing: App\Notifications\GiftCardZipMailNotification
[2020-11-02 11:15:44][230] Processed:  App\Notifications\GiftCardZipMailNotification
[2020-11-02 11:29:15][231] Processing: App\Jobs\StoreVentaMayorista
[2020-11-02 11:29:15][231] Processed:  App\Jobs\StoreVentaMayorista
[2020-11-02 11:29:16][232] Processing: App\Notifications\GiftCardMailNotification
[2020-11-02 11:29:21][232] Processed:  App\Notifications\GiftCardMailNotification
[2020-11-02 11:31:10][233] Processing: App\Jobs\StoreVentaMayorista
[2020-11-02 11:31:10][233] Processed:  App\Jobs\StoreVentaMayorista
[2020-11-02 11:31:10][234] Processing: App\Notifications\GiftCardMailNotification
[2020-11-02 11:31:16][234] Processed:  App\Notifications\GiftCardMailNotification
[2020-11-02 11:32:21][235] Processing: App\Jobs\StoreVentaMayorista
[2020-11-02 11:32:22][235] Processed:  App\Jobs\StoreVentaMayorista
[2020-11-02 11:32:22][236] Processing: App\Notifications\GiftCardMailNotification
[2020-11-02 11:32:27][236] Processed:  App\Notifications\GiftCardMailNotification
[2020-11-02 11:33:18][237] Processing: App\Jobs\StoreVentaMayorista
[2020-11-02 11:33:19][237] Processed:  App\Jobs\StoreVentaMayorista
[2020-11-02 11:33:19][238] Processing: App\Notifications\GiftCardMailNotification
[2020-11-02 11:33:24][238] Processed:  App\Notifications\GiftCardMailNotification
[2020-11-02 11:36:49][239] Processing: App\Jobs\StoreVentaMayorista
[2020-11-02 11:36:50][239] Processed:  App\Jobs\StoreVentaMayorista
[2020-11-02 11:36:50][240] Processing: App\Notifications\GiftCardMailNotification
[2020-11-02 11:36:55][240] Processed:  App\Notifications\GiftCardMailNotification
[2020-11-02 11:40:14][241] Processing: App\Jobs\StoreVentaMayorista
[2020-11-02 11:40:14][241] Processed:  App\Jobs\StoreVentaMayorista
[2020-11-02 11:40:14][242] Processing: App\Notifications\GiftCardMailNotification
[2020-11-02 11:40:20][242] Processed:  App\Notifications\GiftCardMailNotification
[2020-11-02 11:40:59][243] Processing: App\Jobs\StoreVentaMayorista
[2020-11-02 11:40:59][243] Processed:  App\Jobs\StoreVentaMayorista
[2020-11-02 11:40:59][244] Processing: App\Notifications\GiftCardMailNotification
[2020-11-02 11:41:05][244] Processed:  App\Notifications\GiftCardMailNotification
[2020-11-02 11:41:25][245] Processing: App\Jobs\StoreVentaMayorista
[2020-11-02 11:41:26][245] Processed:  App\Jobs\StoreVentaMayorista
[2020-11-02 11:41:26][246] Processing: App\Notifications\GiftCardMailNotification
[2020-11-02 11:41:31][246] Processed:  App\Notifications\GiftCardMailNotification
[2020-11-02 13:29:46][247] Processing: App\Jobs\StoreVentaMayorista
[2020-11-02 13:29:47][247] Processed:  App\Jobs\StoreVentaMayorista
[2020-11-02 13:29:47][248] Processing: App\Jobs\GenerateVoucher
[2020-11-02 13:29:58][248] Processed:  App\Jobs\GenerateVoucher
[2020-11-02 13:29:59][249] Processing: App\Jobs\SendGiftCardZipMailNotification
[2020-11-02 13:29:59][249] Processed:  App\Jobs\SendGiftCardZipMailNotification
[2020-11-02 13:29:59][250] Processing: App\Notifications\GiftCardZipMailNotification
[2020-11-02 13:30:00][250] Processed:  App\Notifications\GiftCardZipMailNotification
[2020-11-02 13:50:14][251] Processing: App\Jobs\StoreVentaMayorista
[2020-11-02 13:50:16][251] Processed:  App\Jobs\StoreVentaMayorista
[2020-11-02 13:50:16][252] Processing: App\Notifications\GiftCardMailNotification
[2020-11-02 13:50:40][252] Processed:  App\Notifications\GiftCardMailNotification
[2020-11-02 13:53:10][253] Processing: App\Notifications\GiftCardMailNotification
[2020-11-02 13:54:40][253] Processing: App\Notifications\GiftCardMailNotification
[2020-11-02 13:54:40][253] Failed:     App\Notifications\GiftCardMailNotification
[2020-11-02 13:54:41][254] Processing: App\Notifications\FailedGiftCardMailNotification
[2020-11-02 13:54:42][254] Processed:  App\Notifications\FailedGiftCardMailNotification
[2020-11-02 13:54:51][255] Processing: App\Notifications\GiftCardMailNotification
[2020-11-02 13:54:53][253] Processed:  App\Notifications\GiftCardMailNotification
[2020-11-02 13:56:23][255] Processing: App\Notifications\GiftCardMailNotification
[2020-11-02 13:56:23][255] Failed:     App\Notifications\GiftCardMailNotification
[2020-11-02 13:56:23][256] Processing: App\Notifications\FailedGiftCardMailNotification
[2020-11-02 13:56:25][256] Processed:  App\Notifications\FailedGiftCardMailNotification
[2020-11-02 13:56:32][255] Processed:  App\Notifications\GiftCardMailNotification
[2020-11-03 06:56:25][1] Processing: App\Notifications\GiftCardMailNotification
[2020-11-03 06:56:50][1] Processed:  App\Notifications\GiftCardMailNotification
[2020-11-03 07:01:43][2] Processing: App\Notifications\GiftCardMailNotification
[2020-11-03 07:01:48][2] Processed:  App\Notifications\GiftCardMailNotification
[2020-11-03 09:22:54][3] Processing: App\Notifications\GiftCardMailNotification
[2020-11-03 09:23:00][3] Processed:  App\Notifications\GiftCardMailNotification
[2020-11-03 09:23:43][4] Processing: App\Jobs\GenerateVoucher
[2020-11-03 09:23:46][4] Processed:  App\Jobs\GenerateVoucher
[2020-11-03 09:23:46][5] Processing: App\Jobs\SendGiftCardZipMailNotification
[2020-11-03 09:23:46][5] Processed:  App\Jobs\SendGiftCardZipMailNotification
[2020-11-03 09:23:47][6] Processing: App\Notifications\GiftCardZipMailNotification
[2020-11-03 09:23:48][6] Processed:  App\Notifications\GiftCardZipMailNotification
[2020-11-03 09:25:48][7] Processing: App\Notifications\GiftCardMailNotification
[2020-11-03 09:25:54][7] Processed:  App\Notifications\GiftCardMailNotification
[2020-11-03 10:28:59][8] Processing: App\Jobs\GenerateVoucher
[2020-11-03 10:29:02][8] Processed:  App\Jobs\GenerateVoucher
[2020-11-03 10:29:03][9] Processing: App\Jobs\SendGiftCardZipMailNotification
[2020-11-03 10:29:03][9] Processed:  App\Jobs\SendGiftCardZipMailNotification
[2020-11-03 10:29:03][10] Processing: App\Notifications\GiftCardZipMailNotification
[2020-11-03 10:29:06][10] Processed:  App\Notifications\GiftCardZipMailNotification
[2020-11-04 09:24:39][11] Processing: App\Notifications\GiftCardMailNotification
[2020-11-04 09:24:45][11] Processed:  App\Notifications\GiftCardMailNotification
[2020-11-04 17:41:10][12] Processing: App\Notifications\GiftCardMailNotification
[2020-11-04 17:41:18][12] Processed:  App\Notifications\GiftCardMailNotification
